\BOOKMARK [0][-]{chapter*.1}{List of Figures}{}% 1
\BOOKMARK [0][-]{chapter.1}{Introduction}{}% 2
\BOOKMARK [0][-]{chapter.2}{Methods}{}% 3
\BOOKMARK [1][-]{section.2.1}{Sample collection and quality control}{chapter.2}% 4
\BOOKMARK [1][-]{section.2.2}{Alignment and transcript quantification}{chapter.2}% 5
\BOOKMARK [1][-]{section.2.3}{Technical replicate analysis}{chapter.2}% 6
\BOOKMARK [1][-]{section.2.4}{Removal of lowly-expressed genes and data normalization}{chapter.2}% 7
\BOOKMARK [1][-]{section.2.5}{Sample variation analysis and data exploration}{chapter.2}% 8
\BOOKMARK [1][-]{section.2.6}{Differential expression analysis}{chapter.2}% 9
\BOOKMARK [1][-]{section.2.7}{RUVs}{chapter.2}% 10
\BOOKMARK [1][-]{section.2.8}{Comparing both}{chapter.2}% 11
\BOOKMARK [1][-]{section.2.9}{Gene enrichment analyses}{chapter.2}% 12
\BOOKMARK [0][-]{chapter.3}{Results}{}% 13
\BOOKMARK [1][-]{section.3.1}{Ancestry is associated with expression profiles}{chapter.3}% 14
\BOOKMARK [1][-]{section.3.2}{Exploration of enriched gene sets in the Indonesian island populations}{chapter.3}% 15
\BOOKMARK [1][-]{section.3.3}{Many DE Genes are involved in the immune response}{chapter.3}% 16
\BOOKMARK [0][-]{chapter.4}{Discussion}{}% 17
\BOOKMARK [0][-]{chapter.5}{Supplementary Information}{}% 18
\BOOKMARK [1][-]{section.5.1}{Supplementary Figures}{chapter.5}% 19
\BOOKMARK [1][-]{section.5.2}{Supplementary Tables}{chapter.5}% 20
\BOOKMARK [0][-]{table.caption.42}{Bibliography}{}% 21
